::1 - - [07/Feb/2021:15:00:36 +0300] "GET / HTTP/1.1" 200 5254
::1 - - [07/Feb/2021:15:00:36 +0300] "GET /icons/blank.gif HTTP/1.1" 200 148
::1 - - [07/Feb/2021:15:00:36 +0300] "GET /icons/text.gif HTTP/1.1" 200 229
::1 - - [07/Feb/2021:15:00:36 +0300] "GET /icons/folder.gif HTTP/1.1" 200 225
::1 - - [07/Feb/2021:15:00:36 +0300] "GET /icons/unknown.gif HTTP/1.1" 200 245
::1 - - [07/Feb/2021:15:00:37 +0300] "GET /favicon.ico HTTP/1.1" 404 301
127.0.0.1 - - [07/Feb/2021:15:00:51 +0300] "GET / HTTP/1.1" 200 5254
::1 - - [07/Feb/2021:15:18:01 +0300] "GET / HTTP/1.1" 200 5254
::1 - - [07/Feb/2021:15:18:08 +0300] "GET / HTTP/1.1" 200 5254
::1 - - [07/Feb/2021:15:23:47 +0300] "GET / HTTP/1.1" 200 5254
::1 - - [07/Feb/2021:15:23:48 +0300] "GET / HTTP/1.1" 200 5254
::1 - - [07/Feb/2021:15:23:49 +0300] "GET / HTTP/1.1" 200 5254
::1 - - [07/Feb/2021:15:23:54 +0300] "GET / HTTP/1.1" 200 5254
::1 - - [07/Feb/2021:15:27:22 +0300] "GET / HTTP/1.1" 200 5254
::1 - - [07/Feb/2021:15:29:00 +0300] "GET / HTTP/1.1" 200 5254
::1 - - [07/Feb/2021:15:29:01 +0300] "GET / HTTP/1.1" 200 5254
::1 - - [07/Feb/2021:15:29:02 +0300] "GET / HTTP/1.1" 200 5254
::1 - - [07/Feb/2021:15:29:07 +0300] "GET / HTTP/1.1" 200 5254
::1 - - [07/Feb/2021:15:39:27 +0300] "GET / HTTP/1.1" 200 5254
::1 - - [07/Feb/2021:15:48:47 +0300] "GET / HTTP/1.1" 200 5254
::1 - - [07/Feb/2021:15:48:48 +0300] "GET / HTTP/1.1" 200 5254
::1 - - [07/Feb/2021:15:50:23 +0300] "GET / HTTP/1.1" 200 2994
::1 - - [07/Feb/2021:15:50:24 +0300] "GET /assets/styles/css/themes/lite-blue.min.css HTTP/1.1" 200 305076
::1 - - [07/Feb/2021:15:50:24 +0300] "GET /assets/js/common-bundle-script.js HTTP/1.1" 200 175467
::1 - - [07/Feb/2021:15:50:24 +0300] "GET /assets/js/script.js HTTP/1.1" 200 3056
::1 - - [07/Feb/2021:15:50:24 +0300] "GET /assets/images/logo.png HTTP/1.1" 200 11404
::1 - - [07/Feb/2021:15:50:34 +0300] "POST /login HTTP/1.1" 500 699421
::1 - - [07/Feb/2021:19:08:28 +0300] "GET / HTTP/1.1" 200 2994
::1 - - [07/Feb/2021:19:09:29 +0300] "POST /login HTTP/1.1" 500 699453
::1 - - [07/Feb/2021:19:09:34 +0300] "POST /login HTTP/1.1" 500 699423
::1 - - [07/Feb/2021:19:17:21 +0300] "POST /login HTTP/1.1" 500 699445
